<?xml version="1.0" encoding="UTF-8"?>
<!-- Generated by org.testng.reporters.JUnitReportReporter -->
<testsuite hostname="WTC-3694852-L1" failures="0" tests="1" name="NewTestNG.LoginPage" time="0.025" errors="0" timestamp="2022-12-11T12:38:07 CST" skipped="0">
  <testcase classname="NewTestNG.LoginPage" name="f" time="0.025"/>
  <system-out/>
</testsuite> <!-- NewTestNG.LoginPage -->
