<?xml version="1.0" encoding="UTF-8"?>
<!-- Generated by org.testng.reporters.JUnitReportReporter -->
<testsuite hostname="WTC-3694852-L1" failures="0" tests="2" name="NewTestNG.NewTest" time="0.041" errors="0" timestamp="2022-12-11T09:39:42 CST" skipped="0">
  <testcase classname="NewTestNG.NewTest" name="testCaseOne" time="0.034"/>
  <system-out/>
  <testcase classname="NewTestNG.NewTest" name="testCaseTwo" time="0.007"/>
  <system-out/>
</testsuite> <!-- NewTestNG.NewTest -->
